服务器运行在 http://0.0.0.0:8080
数据目录: d:\ftp\贪吃蛇\data
局域网访问: http://[本机IP]:8080
========================================
按 Ctrl+C 停止服务器
GET /api/admin/config
POST /api/verify-totp
TOTP验证请求: { secret: 'LB3UXK3PCWUVGBFN', code: '849770' }
=== Node.js TOTP 生成调试 ===
密钥: LB3UXK3PCWUVGBFN
密钥字节: 58774bab6f15a95304ad
密钥长度: 10
计数器: 58928757
计数器字节: 0000000003832e75
HMAC-SHA1: f0cb7acb771cd4b0995f0435966bf33c97c82ee7
Offset: 7
代码字节: b0995f04
截取后: 815357700
最终OTP: 357700
========================

服务器当前生成的验证码: 357700
TOTP验证结果: true
GET /
GET /css/style.css
GET /css/settings.css
GET /js/dataManager.js
GET /js/snakeThemes.js
GET /js/totp.js
GET /js/game.js
GET /js/qrcode.js
GET /js/router.js
GET /favicon.ico
GET /
GET /css/style.css
GET /css/settings.css
GET /js/dataManager.js
GET /js/snakeThemes.js
GET /js/totp.js
GET /js/game.js
GET /js/qrcode.js
GET /js/router.js
GET /
GET /css/style.css
GET /css/settings.css
GET /js/dataManager.js
GET /js/snakeThemes.js
GET /js/totp.js
GET /js/game.js
GET /js/qrcode.js
GET /js/router.js
GET /
GET /css/style.css
GET /css/settings.css
GET /js/dataManager.js
GET /js/snakeThemes.js
GET /js/totp.js
GET /js/game.js
GET /js/qrcode.js
GET /js/router.js
GET /
GET /css/style.css
GET /css/settings.css
GET /js/dataManager.js
GET /js/snakeThemes.js
GET /js/totp.js
GET /js/game.js
GET /js/qrcode.js
GET /js/router.js
GET /
GET /css/style.css
GET /css/settings.css
GET /js/dataManager.js
GET /js/snakeThemes.js
GET /js/totp.js
GET /js/game.js
GET /js/qrcode.js
GET /js/router.js
GET /
GET /css/style.css
GET /css/settings.css
GET /js/dataManager.js
GET /js/snakeThemes.js
GET /js/totp.js
GET /js/game.js
GET /js/qrcode.js
GET /js/router.js
GET /
GET /css/style.css
GET /css/settings.css
GET /js/dataManager.js
GET /js/snakeThemes.js
GET /js/totp.js
GET /js/game.js
GET /js/qrcode.js
GET /js/router.js
GET /
GET /css/style.css
GET /css/settings.css
GET /js/dataManager.js
GET /js/snakeThemes.js
GET /js/totp.js
GET /js/game.js
GET /js/qrcode.js
GET /js/router.js
GET /
GET /css/style.css
GET /css/settings.css
GET /js/dataManager.js
GET /js/snakeThemes.js
GET /js/totp.js
GET /js/game.js
GET /js/qrcode.js
GET /js/router.js
GET /
GET /css/style.css
GET /css/settings.css
GET /js/dataManager.js
GET /js/snakeThemes.js
GET /js/totp.js
GET /js/game.js
GET /js/qrcode.js
GET /js/router.js
GET /api/admin/config
GET /api/admin/config
GET /
GET /css/style.css
GET /css/settings.css
GET /js/dataManager.js
GET /js/snakeThemes.js
GET /js/qrcode.js
GET /js/totp.js
GET /js/game.js
GET /js/router.js
GET /api/admin/config
GET /favicon.ico
GET /api/admin/config
GET /
GET /css/style.css
GET /css/settings.css
GET /js/dataManager.js
GET /js/snakeThemes.js
GET /js/totp.js
GET /js/game.js
GET /js/qrcode.js
GET /js/router.js
GET /api/admin/config
GET /
GET /css/style.css
GET /css/settings.css
GET /js/dataManager.js
GET /js/snakeThemes.js
GET /js/totp.js
GET /js/game.js
GET /js/qrcode.js
GET /js/router.js
GET /api/admin/config
GET /api/admin/config
